<?xml version="1.0" encoding="UTF-8"?>
<!-- Generated by org.testng.reporters.JUnitReportReporter -->
<testsuite hostname="TYSS-Sharon" failures="0" tests="1" name="StepDefinition.Runner" time="5.201" errors="0" timestamp="2023-04-06T17:24:36 IST" skipped="0">
  <testcase classname="StepDefinition.Runner" name="runScenario" time="5.201"/>
  <system-out/>
</testsuite> <!-- StepDefinition.Runner -->
